2026.05.15 16:14:24 WARN  Using H2 2.4.240 which is newer than the version Flyway has been verified with. The latest verified version of H2 is 2.3.232.
2026.05.15 16:14:26 INFO  no build target found for C:\Users\sofiane\work\data-platform-ops-e2e\spark-jobs\project\plugins.sbt. Using presentation compiler with project's scala-library version: 3.3.7
2026.05.15 16:14:27 INFO  no build target found for C:\Users\sofiane\work\data-platform-ops-e2e\spark-jobs\project\plugins.sbt. Using presentation compiler with project's scala-library version: 3.3.7
2026.05.15 16:14:27 WARN  no build target for: C:\Users\sofiane\work\data-platform-ops-e2e\spark-jobs\project\plugins.sbt
2026.05.15 16:14:43 INFO  no build target found for C:\Users\sofiane\work\data-platform-ops-e2e\spark-jobs\src\main\scala\com\dataplatform\common\SparkSessionFactory.scala. Using presentation compiler with project's scala-library version: 3.3.7
2026.05.15 16:14:43 WARN  no build target for: C:\Users\sofiane\work\data-platform-ops-e2e\spark-jobs\src\main\scala\com\dataplatform\common\SparkSessionFactory.scala
2026.05.15 16:14:43 INFO  no build target found for C:\Users\sofiane\work\data-platform-ops-e2e\spark-jobs\src\main\scala\com\dataplatform\common\SparkSessionFactory.scala. Using presentation compiler with project's scala-library version: 3.3.7
2026.05.15 16:14:51 INFO  no build target found for C:\Users\sofiane\work\data-platform-ops-e2e\spark-jobs\src\main\scala\com\dataplatform\common\AppConfig.scala. Using presentation compiler with project's scala-library version: 3.3.7
2026.05.15 16:14:51 INFO  no build target found for C:\Users\sofiane\work\data-platform-ops-e2e\spark-jobs\src\main\scala\com\dataplatform\common\AppConfig.scala. Using presentation compiler with project's scala-library version: 3.3.7
2026.05.15 16:14:51 WARN  no build target for: C:\Users\sofiane\work\data-platform-ops-e2e\spark-jobs\src\main\scala\com\dataplatform\common\AppConfig.scala
2026.05.15 16:15:03 INFO  no build target found for C:\Users\sofiane\work\data-platform-ops-e2e\spark-jobs\src\main\scala\com\dataplatform\bronze\BronzeIngester.scala. Using presentation compiler with project's scala-library version: 3.3.7
2026.05.15 16:15:03 WARN  no build target for: C:\Users\sofiane\work\data-platform-ops-e2e\spark-jobs\src\main\scala\com\dataplatform\bronze\BronzeIngester.scala
2026.05.15 16:15:03 INFO  no build target found for C:\Users\sofiane\work\data-platform-ops-e2e\spark-jobs\src\main\scala\com\dataplatform\bronze\BronzeIngester.scala. Using presentation compiler with project's scala-library version: 3.3.7
2026.05.15 16:15:14 INFO  no build target found for C:\Users\sofiane\work\data-platform-ops-e2e\spark-jobs\src\main\scala\com\dataplatform\silver\SilverTransformer.scala. Using presentation compiler with project's scala-library version: 3.3.7
2026.05.15 16:15:14 WARN  no build target for: C:\Users\sofiane\work\data-platform-ops-e2e\spark-jobs\src\main\scala\com\dataplatform\silver\SilverTransformer.scala
2026.05.15 16:15:14 INFO  no build target found for C:\Users\sofiane\work\data-platform-ops-e2e\spark-jobs\src\main\scala\com\dataplatform\silver\SilverTransformer.scala. Using presentation compiler with project's scala-library version: 3.3.7
2026.05.15 16:15:25 INFO  no build target found for C:\Users\sofiane\work\data-platform-ops-e2e\spark-jobs\src\main\scala\com\dataplatform\gold\GoldAggregator.scala. Using presentation compiler with project's scala-library version: 3.3.7
2026.05.15 16:15:25 WARN  no build target for: C:\Users\sofiane\work\data-platform-ops-e2e\spark-jobs\src\main\scala\com\dataplatform\gold\GoldAggregator.scala
2026.05.15 16:15:25 INFO  no build target found for C:\Users\sofiane\work\data-platform-ops-e2e\spark-jobs\src\main\scala\com\dataplatform\gold\GoldAggregator.scala. Using presentation compiler with project's scala-library version: 3.3.7
2026.05.15 16:15:37 INFO  no build target found for C:\Users\sofiane\work\data-platform-ops-e2e\spark-jobs\src\main\scala\com\dataplatform\compaction\CompactionJob.scala. Using presentation compiler with project's scala-library version: 3.3.7
2026.05.15 16:15:37 WARN  no build target for: C:\Users\sofiane\work\data-platform-ops-e2e\spark-jobs\src\main\scala\com\dataplatform\compaction\CompactionJob.scala
2026.05.15 16:15:37 INFO  no build target found for C:\Users\sofiane\work\data-platform-ops-e2e\spark-jobs\src\main\scala\com\dataplatform\compaction\CompactionJob.scala. Using presentation compiler with project's scala-library version: 3.3.7
2026.05.15 16:15:51 INFO  no build target found for C:\Users\sofiane\work\data-platform-ops-e2e\spark-jobs\src\test\scala\com\dataplatform\bronze\BronzeIngesterSpec.scala. Using presentation compiler with project's scala-library version: 3.3.7
2026.05.15 16:15:52 WARN  no build target for: C:\Users\sofiane\work\data-platform-ops-e2e\spark-jobs\src\test\scala\com\dataplatform\bronze\BronzeIngesterSpec.scala
2026.05.15 16:15:52 INFO  no build target found for C:\Users\sofiane\work\data-platform-ops-e2e\spark-jobs\src\test\scala\com\dataplatform\bronze\BronzeIngesterSpec.scala. Using presentation compiler with project's scala-library version: 3.3.7
2026.05.15 16:16:03 INFO  no build target found for C:\Users\sofiane\work\data-platform-ops-e2e\spark-jobs\src\test\scala\com\dataplatform\silver\SilverTransformerSpec.scala. Using presentation compiler with project's scala-library version: 3.3.7
2026.05.15 16:16:03 INFO  no build target found for C:\Users\sofiane\work\data-platform-ops-e2e\spark-jobs\src\test\scala\com\dataplatform\silver\SilverTransformerSpec.scala. Using presentation compiler with project's scala-library version: 3.3.7
2026.05.15 16:16:03 WARN  no build target for: C:\Users\sofiane\work\data-platform-ops-e2e\spark-jobs\src\test\scala\com\dataplatform\silver\SilverTransformerSpec.scala
2026.05.15 16:16:15 INFO  no build target found for C:\Users\sofiane\work\data-platform-ops-e2e\spark-jobs\src\test\scala\com\dataplatform\gold\GoldAggregatorSpec.scala. Using presentation compiler with project's scala-library version: 3.3.7
2026.05.15 16:16:15 WARN  no build target for: C:\Users\sofiane\work\data-platform-ops-e2e\spark-jobs\src\test\scala\com\dataplatform\gold\GoldAggregatorSpec.scala
2026.05.15 16:16:15 INFO  no build target found for C:\Users\sofiane\work\data-platform-ops-e2e\spark-jobs\src\test\scala\com\dataplatform\gold\GoldAggregatorSpec.scala. Using presentation compiler with project's scala-library version: 3.3.7
2026.05.15 16:16:24 INFO  no build target found for C:\Users\sofiane\work\data-platform-ops-e2e\spark-jobs\src\test\scala\com\dataplatform\compaction\CompactionJobSpec.scala. Using presentation compiler with project's scala-library version: 3.3.7
2026.05.15 16:16:24 INFO  no build target found for C:\Users\sofiane\work\data-platform-ops-e2e\spark-jobs\src\test\scala\com\dataplatform\compaction\CompactionJobSpec.scala. Using presentation compiler with project's scala-library version: 3.3.7
2026.05.15 16:16:24 WARN  no build target for: C:\Users\sofiane\work\data-platform-ops-e2e\spark-jobs\src\test\scala\com\dataplatform\compaction\CompactionJobSpec.scala
2026.05.15 16:18:10 WARN  no build target for: C:\Users\sofiane\work\data-platform-ops-e2e\spark-jobs\build.sbt
2026.05.15 16:18:10 INFO  no build target found for C:\Users\sofiane\work\data-platform-ops-e2e\spark-jobs\build.sbt. Using presentation compiler with project's scala-library version: 3.3.7
2026.05.15 16:18:10 WARN  no build target for: C:\Users\sofiane\work\data-platform-ops-e2e\spark-jobs\project\plugins.sbt
2026.05.15 16:18:10 WARN  no build target for: C:\Users\sofiane\work\data-platform-ops-e2e\spark-jobs\src\main\scala\com\dataplatform\silver\SilverTransformer.scala
2026.05.15 16:18:10 WARN  no build target for: C:\Users\sofiane\work\data-platform-ops-e2e\spark-jobs\src\main\scala\com\dataplatform\common\AppConfig.scala
2026.05.15 16:18:10 WARN  no build target for: C:\Users\sofiane\work\data-platform-ops-e2e\spark-jobs\src\test\scala\com\dataplatform\bronze\BronzeIngesterSpec.scala
2026.05.15 16:18:10 WARN  no build target for: C:\Users\sofiane\work\data-platform-ops-e2e\spark-jobs\src\main\scala\com\dataplatform\common\SparkSessionFactory.scala
2026.05.15 16:18:10 WARN  no build target for: C:\Users\sofiane\work\data-platform-ops-e2e\spark-jobs\src\main\scala\com\dataplatform\bronze\BronzeIngester.scala
2026.05.15 16:18:10 WARN  no build target for: C:\Users\sofiane\work\data-platform-ops-e2e\spark-jobs\src\test\scala\com\dataplatform\silver\SilverTransformerSpec.scala
2026.05.15 16:18:10 WARN  no build target for: C:\Users\sofiane\work\data-platform-ops-e2e\spark-jobs\src\test\scala\com\dataplatform\gold\GoldAggregatorSpec.scala
2026.05.15 16:18:10 WARN  no build target for: C:\Users\sofiane\work\data-platform-ops-e2e\spark-jobs\src\test\scala\com\dataplatform\compaction\CompactionJobSpec.scala
2026.05.15 16:18:10 WARN  no build target for: C:\Users\sofiane\work\data-platform-ops-e2e\spark-jobs\src\main\scala\com\dataplatform\gold\GoldAggregator.scala
2026.05.15 16:18:10 WARN  no build target for: C:\Users\sofiane\work\data-platform-ops-e2e\spark-jobs\src\main\scala\com\dataplatform\compaction\CompactionJob.scala
2026.05.15 16:18:23 INFO  no build target found for C:\Users\sofiane\work\data-platform-ops-e2e\spark-jobs\build.sbt. Using presentation compiler with project's scala-library version: 3.3.7
2026.05.15 16:18:23 WARN  no build target for: C:\Users\sofiane\work\data-platform-ops-e2e\spark-jobs\build.sbt
mai 15, 2026 4:18:23 PM org.eclipse.lsp4j.jsonrpc.RemoteEndpoint handleCancellation
WARNING: Unmatched cancel notification for request id 1
2026.05.15 16:18:23 INFO  no build target found for C:\Users\sofiane\work\data-platform-ops-e2e\spark-jobs\build.sbt. Using presentation compiler with project's scala-library version: 3.3.7
2026.05.15 16:18:23 INFO  no build target found for C:\Users\sofiane\work\data-platform-ops-e2e\spark-jobs\build.sbt. Using presentation compiler with project's scala-library version: 3.3.7
2026.05.15 16:19:57 INFO  no build target found for C:\Users\sofiane\work\data-platform-ops-e2e\spark-jobs\src\test\scala\com\dataplatform\silver\SilverTransformerSpec.scala. Using presentation compiler with project's scala-library version: 3.3.7
2026.05.15 16:19:57 INFO  no build target found for C:\Users\sofiane\work\data-platform-ops-e2e\spark-jobs\src\test\scala\com\dataplatform\gold\GoldAggregatorSpec.scala. Using presentation compiler with project's scala-library version: 3.3.7
2026.05.15 16:19:57 INFO  no build target found for C:\Users\sofiane\work\data-platform-ops-e2e\spark-jobs\src\test\scala\com\dataplatform\compaction\CompactionJobSpec.scala. Using presentation compiler with project's scala-library version: 3.3.7
2026.05.15 16:19:58 WARN  no build target for: C:\Users\sofiane\work\data-platform-ops-e2e\spark-jobs\src\test\scala\com\dataplatform\compaction\CompactionJobSpec.scala
2026.05.15 16:19:58 INFO  no build target found for C:\Users\sofiane\work\data-platform-ops-e2e\spark-jobs\src\test\scala\com\dataplatform\compaction\CompactionJobSpec.scala. Using presentation compiler with project's scala-library version: 3.3.7
2026.05.15 16:19:58 WARN  no build target for: C:\Users\sofiane\work\data-platform-ops-e2e\spark-jobs\src\test\scala\com\dataplatform\gold\GoldAggregatorSpec.scala
2026.05.15 16:19:58 WARN  no build target for: C:\Users\sofiane\work\data-platform-ops-e2e\spark-jobs\src\test\scala\com\dataplatform\silver\SilverTransformerSpec.scala
2026.05.15 16:19:58 INFO  no build target found for C:\Users\sofiane\work\data-platform-ops-e2e\spark-jobs\build.sbt. Using presentation compiler with project's scala-library version: 3.3.7
2026.05.15 16:19:58 INFO  no build target found for C:\Users\sofiane\work\data-platform-ops-e2e\spark-jobs\src\test\scala\com\dataplatform\silver\SilverTransformerSpec.scala. Using presentation compiler with project's scala-library version: 3.3.7
2026.05.15 16:19:58 INFO  no build target found for C:\Users\sofiane\work\data-platform-ops-e2e\spark-jobs\src\test\scala\com\dataplatform\gold\GoldAggregatorSpec.scala. Using presentation compiler with project's scala-library version: 3.3.7
2026.05.15 16:19:58 INFO  no build target found for C:\Users\sofiane\work\data-platform-ops-e2e\spark-jobs\build.sbt. Using presentation compiler with project's scala-library version: 3.3.7
2026.05.15 16:21:48 INFO  no build target found for C:\Users\sofiane\work\data-platform-ops-e2e\spark-jobs\src\test\scala\com\dataplatform\bronze\BronzeIngesterSpec.scala. Using presentation compiler with project's scala-library version: 3.3.7
2026.05.15 16:21:48 INFO  no build target found for C:\Users\sofiane\work\data-platform-ops-e2e\spark-jobs\src\test\scala\com\dataplatform\silver\SilverTransformerSpec.scala. Using presentation compiler with project's scala-library version: 3.3.7
2026.05.15 16:21:48 INFO  no build target found for C:\Users\sofiane\work\data-platform-ops-e2e\spark-jobs\src\test\scala\com\dataplatform\gold\GoldAggregatorSpec.scala. Using presentation compiler with project's scala-library version: 3.3.7
2026.05.15 16:21:48 INFO  no build target found for C:\Users\sofiane\work\data-platform-ops-e2e\spark-jobs\src\test\scala\com\dataplatform\compaction\CompactionJobSpec.scala. Using presentation compiler with project's scala-library version: 3.3.7
2026.05.15 16:21:49 WARN  no build target for: C:\Users\sofiane\work\data-platform-ops-e2e\spark-jobs\src\test\scala\com\dataplatform\bronze\BronzeIngesterSpec.scala
2026.05.15 16:21:49 INFO  no build target found for C:\Users\sofiane\work\data-platform-ops-e2e\spark-jobs\src\test\scala\com\dataplatform\bronze\BronzeIngesterSpec.scala. Using presentation compiler with project's scala-library version: 3.3.7
2026.05.15 16:21:49 WARN  no build target for: C:\Users\sofiane\work\data-platform-ops-e2e\spark-jobs\src\test\scala\com\dataplatform\gold\GoldAggregatorSpec.scala
2026.05.15 16:21:49 WARN  no build target for: C:\Users\sofiane\work\data-platform-ops-e2e\spark-jobs\src\test\scala\com\dataplatform\silver\SilverTransformerSpec.scala
2026.05.15 16:21:49 WARN  no build target for: C:\Users\sofiane\work\data-platform-ops-e2e\spark-jobs\src\test\scala\com\dataplatform\compaction\CompactionJobSpec.scala
2026.05.15 16:21:49 INFO  no build target found for C:\Users\sofiane\work\data-platform-ops-e2e\spark-jobs\build.sbt. Using presentation compiler with project's scala-library version: 3.3.7
2026.05.15 16:21:49 INFO  no build target found for C:\Users\sofiane\work\data-platform-ops-e2e\spark-jobs\src\test\scala\com\dataplatform\compaction\CompactionJobSpec.scala. Using presentation compiler with project's scala-library version: 3.3.7
2026.05.15 16:21:49 INFO  no build target found for C:\Users\sofiane\work\data-platform-ops-e2e\spark-jobs\src\test\scala\com\dataplatform\silver\SilverTransformerSpec.scala. Using presentation compiler with project's scala-library version: 3.3.7
2026.05.15 16:21:49 INFO  no build target found for C:\Users\sofiane\work\data-platform-ops-e2e\spark-jobs\src\test\scala\com\dataplatform\gold\GoldAggregatorSpec.scala. Using presentation compiler with project's scala-library version: 3.3.7
2026.05.15 16:21:49 INFO  no build target found for C:\Users\sofiane\work\data-platform-ops-e2e\spark-jobs\build.sbt. Using presentation compiler with project's scala-library version: 3.3.7
2026.05.15 16:22:21 INFO  no build target found for C:\Users\sofiane\work\data-platform-ops-e2e\spark-jobs\src\test\scala\com\dataplatform\bronze\BronzeIngesterSpec.scala. Using presentation compiler with project's scala-library version: 3.3.7
2026.05.15 16:22:21 INFO  no build target found for C:\Users\sofiane\work\data-platform-ops-e2e\spark-jobs\src\test\scala\com\dataplatform\silver\SilverTransformerSpec.scala. Using presentation compiler with project's scala-library version: 3.3.7
2026.05.15 16:22:21 INFO  no build target found for C:\Users\sofiane\work\data-platform-ops-e2e\spark-jobs\src\test\scala\com\dataplatform\gold\GoldAggregatorSpec.scala. Using presentation compiler with project's scala-library version: 3.3.7
2026.05.15 16:22:21 INFO  no build target found for C:\Users\sofiane\work\data-platform-ops-e2e\spark-jobs\src\test\scala\com\dataplatform\compaction\CompactionJobSpec.scala. Using presentation compiler with project's scala-library version: 3.3.7
2026.05.15 16:22:21 WARN  no build target for: C:\Users\sofiane\work\data-platform-ops-e2e\spark-jobs\src\test\scala\com\dataplatform\gold\GoldAggregatorSpec.scala
2026.05.15 16:22:21 INFO  no build target found for C:\Users\sofiane\work\data-platform-ops-e2e\spark-jobs\src\test\scala\com\dataplatform\gold\GoldAggregatorSpec.scala. Using presentation compiler with project's scala-library version: 3.3.7
2026.05.15 16:22:21 WARN  no build target for: C:\Users\sofiane\work\data-platform-ops-e2e\spark-jobs\src\test\scala\com\dataplatform\silver\SilverTransformerSpec.scala
2026.05.15 16:22:21 WARN  no build target for: C:\Users\sofiane\work\data-platform-ops-e2e\spark-jobs\src\test\scala\com\dataplatform\bronze\BronzeIngesterSpec.scala
2026.05.15 16:22:21 WARN  no build target for: C:\Users\sofiane\work\data-platform-ops-e2e\spark-jobs\src\test\scala\com\dataplatform\compaction\CompactionJobSpec.scala
2026.05.15 16:22:21 INFO  no build target found for C:\Users\sofiane\work\data-platform-ops-e2e\spark-jobs\build.sbt. Using presentation compiler with project's scala-library version: 3.3.7
2026.05.15 16:22:21 INFO  no build target found for C:\Users\sofiane\work\data-platform-ops-e2e\spark-jobs\src\test\scala\com\dataplatform\compaction\CompactionJobSpec.scala. Using presentation compiler with project's scala-library version: 3.3.7
2026.05.15 16:22:21 INFO  no build target found for C:\Users\sofiane\work\data-platform-ops-e2e\spark-jobs\src\test\scala\com\dataplatform\bronze\BronzeIngesterSpec.scala. Using presentation compiler with project's scala-library version: 3.3.7
2026.05.15 16:22:21 INFO  no build target found for C:\Users\sofiane\work\data-platform-ops-e2e\spark-jobs\src\test\scala\com\dataplatform\silver\SilverTransformerSpec.scala. Using presentation compiler with project's scala-library version: 3.3.7
2026.05.15 16:22:21 INFO  no build target found for C:\Users\sofiane\work\data-platform-ops-e2e\spark-jobs\build.sbt. Using presentation compiler with project's scala-library version: 3.3.7
2026.05.15 16:51:32 INFO  no build target found for C:\Users\sofiane\work\data-platform-ops-e2e\spark-jobs\src\main\scala\com\dataplatform\silver\SilverTransformer.scala. Using presentation compiler with project's scala-library version: 3.3.7
2026.05.15 16:51:32 INFO  no build target found for C:\Users\sofiane\work\data-platform-ops-e2e\spark-jobs\src\test\scala\com\dataplatform\bronze\BronzeIngesterSpec.scala. Using presentation compiler with project's scala-library version: 3.3.7
2026.05.15 16:51:32 WARN  no build target for: C:\Users\sofiane\work\data-platform-ops-e2e\spark-jobs\src\main\scala\com\dataplatform\silver\SilverTransformer.scala
2026.05.15 16:51:32 INFO  no build target found for C:\Users\sofiane\work\data-platform-ops-e2e\spark-jobs\src\main\scala\com\dataplatform\silver\SilverTransformer.scala. Using presentation compiler with project's scala-library version: 3.3.7
2026.05.15 16:51:32 WARN  no build target for: C:\Users\sofiane\work\data-platform-ops-e2e\spark-jobs\src\test\scala\com\dataplatform\bronze\BronzeIngesterSpec.scala
2026.05.15 16:51:32 INFO  no build target found for C:\Users\sofiane\work\data-platform-ops-e2e\spark-jobs\build.sbt. Using presentation compiler with project's scala-library version: 3.3.7
2026.05.15 16:51:33 INFO  no build target found for C:\Users\sofiane\work\data-platform-ops-e2e\spark-jobs\src\test\scala\com\dataplatform\bronze\BronzeIngesterSpec.scala. Using presentation compiler with project's scala-library version: 3.3.7
2026.05.15 16:51:33 INFO  no build target found for C:\Users\sofiane\work\data-platform-ops-e2e\spark-jobs\build.sbt. Using presentation compiler with project's scala-library version: 3.3.7
2026.05.15 16:58:29 INFO  no build target found for C:\Users\sofiane\work\data-platform-ops-e2e\spark-jobs\build.sbt. Using presentation compiler with project's scala-library version: 3.3.7
2026.05.15 16:58:47 INFO  no build target found for C:\Users\sofiane\work\data-platform-ops-e2e\spark-jobs\build.sbt. Using presentation compiler with project's scala-library version: 3.3.7
2026.05.15 16:58:47 INFO  no build target found for C:\Users\sofiane\work\data-platform-ops-e2e\spark-jobs\build.sbt. Using presentation compiler with project's scala-library version: 3.3.7
2026.05.15 16:58:51 INFO  no build target found for C:\Users\sofiane\work\data-platform-ops-e2e\spark-jobs\build.sbt. Using presentation compiler with project's scala-library version: 3.3.7
2026.05.15 16:58:54 INFO  no build target found for C:\Users\sofiane\work\data-platform-ops-e2e\spark-jobs\build.sbt. Using presentation compiler with project's scala-library version: 3.3.7
2026.05.15 17:04:39 INFO  no build target found for C:\Users\sofiane\work\data-platform-ops-e2e\spark-jobs\build.sbt. Using presentation compiler with project's scala-library version: 3.3.7
2026.05.15 17:06:52 INFO  no build target found for C:\Users\sofiane\work\data-platform-ops-e2e\spark-jobs\build.sbt. Using presentation compiler with project's scala-library version: 3.3.7
2026.05.15 17:06:52 INFO  no build target found for C:\Users\sofiane\work\data-platform-ops-e2e\spark-jobs\build.sbt. Using presentation compiler with project's scala-library version: 3.3.7
2026.05.15 17:08:18 INFO  no build target found for C:\Users\sofiane\work\data-platform-ops-e2e\spark-jobs\build.sbt. Using presentation compiler with project's scala-library version: 3.3.7
